<?xml version="1.0" encoding="UTF-8"?>
<!-- Generated by org.testng.reporters.JUnitXMLReporter -->
<testsuite hostname="DESKTOP-M6MA1OQ" ignored="0" name="Login Test" tests="1" failures="1" timestamp="2020-06-25T12:16:45 IST" time="30.618" errors="0">
  <testcase name="loginTest" time="29.122" classname="com.kmv.testcases.LoginTest">
    <failure type="java.lang.AssertionError" message="Login test failed..">
      <![CDATA[java.lang.AssertionError: Login test failed..
at com.kmv.testcases.LoginTest.loginTest(LoginTest.java:23)
at java.util.ArrayList.forEach(ArrayList.java:1249)
... Removed 31 stack frames]]>
    </failure>
  </testcase> <!-- loginTest -->
</testsuite> <!-- Login Test -->
