<?xml version="1.0" encoding="UTF-8"?>
<testsuite name="TestSuite" time="58.522" tests="2" errors="0" skipped="0" failures="2">
  <properties>
[...]
</properties>
  <testcase name="loginTest" classname="com.kmv.testcases.LoginTest" time="29.141">
    <failure message="Login test failed.." type="java.lang.AssertionError">java.lang.AssertionError: Login test failed..
	at org.testng.Assert.fail(Assert.java:97)
	at com.kmv.testcases.LoginTest.loginTest(LoginTest.java:23)
</failure>
    <system-out><![CDATA[true
]]></system-out>
    <system-err><![CDATA[Starting ChromeDriver 83.0.4103.39 (ccbf011cb2d2b19b506d844400483861342c20cd-refs/branch-heads/4103@{#416}) on port 25366
Only local connections are allowed.
Please see https://chromedriver.chromium.org/security-considerations for suggestions on keeping ChromeDriver safe.
ChromeDriver was started successfully.
Jun 25, 2020 12:15:59 PM org.openqa.selenium.remote.ProtocolHandshake createSession
INFO: Detected dialect: W3C
Starting ChromeDriver 83.0.4103.39 (ccbf011cb2d2b19b506d844400483861342c20cd-refs/branch-heads/4103@{#416}) on port 12453
Only local connections are allowed.
Please see https://chromedriver.chromium.org/security-considerations for suggestions on keeping ChromeDriver safe.
ChromeDriver was started successfully.
Jun 25, 2020 12:16:04 PM org.openqa.selenium.remote.ProtocolHandshake createSession
INFO: Detected dialect: W3C
]]></system-err>
  </testcase>
  <testcase name="createAccountTest" classname="com.kmv.testcases.CreateAccountTest" time="29.381">
    <failure message="Create account test failed..." type="java.lang.AssertionError">java.lang.AssertionError: Create account test failed...
	at org.testng.Assert.fail(Assert.java:97)
	at com.kmv.testcases.CreateAccountTest.createAccountTest(CreateAccountTest.java:26)
</failure>
    <system-out><![CDATA[true
]]></system-out>
  </testcase>
</testsuite>