<?xml version="1.0" encoding="UTF-8"?>
<testng-results skipped="0" failed="0" ignored="0" total="1" passed="1">
  <reporter-output>
  </reporter-output>
  <suite name="Page Object Model" duration-ms="34508" started-at="2020-06-08T14:36:12 IST" finished-at="2020-06-08T14:36:47 IST">
    <groups>
    </groups>
    <test name="Login Test" duration-ms="34508" started-at="2020-06-08T14:36:12 IST" finished-at="2020-06-08T14:36:47 IST">
      <class name="com.kmv.testcases.LoginTest">
        <test-method status="PASS" signature="loginTest()[pri:0, instance:com.kmv.testcases.LoginTest@1cd201a8]" name="loginTest" duration-ms="31748" started-at="2020-06-08T14:36:12 IST" finished-at="2020-06-08T14:36:44 IST">
          <reporter-output>
          </reporter-output>
        </test-method> <!-- loginTest -->
        <test-method status="PASS" signature="tearDown()[pri:0, instance:com.kmv.testcases.LoginTest@1cd201a8]" name="tearDown" is-config="true" duration-ms="2352" started-at="2020-06-08T14:36:47 IST" finished-at="2020-06-08T14:36:49 IST">
          <reporter-output>
          </reporter-output>
        </test-method> <!-- tearDown -->
      </class> <!-- com.kmv.testcases.LoginTest -->
    </test> <!-- Login Test -->
  </suite> <!-- Page Object Model -->
</testng-results>
